\BOOKMARK [0][-]{chapter.1}{\376\377\000N\000a\000m\000e\000s\000p\000a\000c\000e\000\040\000I\000n\000d\000e\000x}{}% 1
\BOOKMARK [1][-]{section.1.1}{\376\377\000N\000a\000m\000e\000s\000p\000a\000c\000e\000\040\000L\000i\000s\000t}{chapter.1}% 2
\BOOKMARK [0][-]{chapter.2}{\376\377\000C\000l\000a\000s\000s\000\040\000I\000n\000d\000e\000x}{}% 3
\BOOKMARK [1][-]{section.2.1}{\376\377\000C\000l\000a\000s\000s\000\040\000L\000i\000s\000t}{chapter.2}% 4
\BOOKMARK [0][-]{chapter.3}{\376\377\000F\000i\000l\000e\000\040\000I\000n\000d\000e\000x}{}% 5
\BOOKMARK [1][-]{section.3.1}{\376\377\000F\000i\000l\000e\000\040\000L\000i\000s\000t}{chapter.3}% 6
\BOOKMARK [0][-]{chapter.4}{\376\377\000N\000a\000m\000e\000s\000p\000a\000c\000e\000\040\000D\000o\000c\000u\000m\000e\000n\000t\000a\000t\000i\000o\000n}{}% 7
\BOOKMARK [1][-]{section.4.1}{\376\377\000Q\000S\000\040\000N\000a\000m\000e\000s\000p\000a\000c\000e\000\040\000R\000e\000f\000e\000r\000e\000n\000c\000e}{chapter.4}% 8
\BOOKMARK [2][-]{subsection.4.1.1}{\376\377\000E\000n\000u\000m\000e\000r\000a\000t\000i\000o\000n\000\040\000T\000y\000p\000e\000\040\000D\000o\000c\000u\000m\000e\000n\000t\000a\000t\000i\000o\000n}{section.4.1}% 9
\BOOKMARK [3][-]{subsubsection.4.1.1.1}{\376\377\000l\000e\000g\000e\000n\000d\000r\000e\000\137\000v\000a\000l\000u\000e}{subsection.4.1.1}% 10
\BOOKMARK [1][-]{section.4.2}{\376\377\000Q\000S\000:\000:\000n\000u\000m\000e\000r\000i\000c\000\040\000N\000a\000m\000e\000s\000p\000a\000c\000e\000\040\000R\000e\000f\000e\000r\000e\000n\000c\000e}{chapter.4}% 11
\BOOKMARK [0][-]{chapter.5}{\376\377\000C\000l\000a\000s\000s\000\040\000D\000o\000c\000u\000m\000e\000n\000t\000a\000t\000i\000o\000n}{}% 12
\BOOKMARK [1][-]{section.5.1}{\376\377\000Q\000S\000:\000:\000A\000b\000s\000t\000r\000a\000c\000t\000\137\000f\000a\000c\000t\000o\000r\000\137\000b\000a\000s\000e\000\040\000C\000l\000a\000s\000s\000\040\000R\000e\000f\000e\000r\000e\000n\000c\000e}{chapter.5}% 13
\BOOKMARK [2][-]{subsection.5.1.1}{\376\377\000M\000e\000m\000b\000e\000r\000\040\000F\000u\000n\000c\000t\000i\000o\000n\000\040\000D\000o\000c\000u\000m\000e\000n\000t\000a\000t\000i\000o\000n}{section.5.1}% 14
\BOOKMARK [3][-]{subsubsection.5.1.1.1}{\376\377\000F\000a\000c\000t\000o\000r\000\137\000b\000a\000s\000e}{subsection.5.1.1}% 15
\BOOKMARK [3][-]{subsubsection.5.1.1.2}{\376\377\000F\000a\000c\000t\000o\000r\000\137\000b\000a\000s\000e}{subsection.5.1.1}% 16
\BOOKMARK [3][-]{subsubsection.5.1.1.3}{\376\377\000F\000a\000c\000t\000o\000r\000\137\000b\000a\000s\000e}{subsection.5.1.1}% 17
\BOOKMARK [3][-]{subsubsection.5.1.1.4}{\376\377\000o\000p\000e\000r\000a\000t\000o\000r\000[\000]}{subsection.5.1.1}% 18
\BOOKMARK [1][-]{section.5.2}{\376\377\000Q\000S\000:\000:\000n\000u\000m\000e\000r\000i\000c\000:\000:\000A\000b\000s\000t\000r\000a\000c\000t\000\137\000v\000e\000c\000t\000o\000r\000<\000\040\000T\000\040\000>\000\040\000C\000l\000a\000s\000s\000\040\000T\000e\000m\000p\000l\000a\000t\000e\000\040\000R\000e\000f\000e\000r\000e\000n\000c\000e}{chapter.5}% 19
\BOOKMARK [2][-]{subsection.5.2.1}{\376\377\000M\000e\000m\000b\000e\000r\000\040\000F\000u\000n\000c\000t\000i\000o\000n\000\040\000D\000o\000c\000u\000m\000e\000n\000t\000a\000t\000i\000o\000n}{section.5.2}% 20
\BOOKMARK [3][-]{subsubsection.5.2.1.1}{\376\377\000o\000p\000e\000r\000a\000t\000o\000r\000[\000]}{subsection.5.2.1}% 21
\BOOKMARK [3][-]{subsubsection.5.2.1.2}{\376\377\000o\000p\000e\000r\000a\000t\000o\000r\000[\000]}{subsection.5.2.1}% 22
\BOOKMARK [3][-]{subsubsection.5.2.1.3}{\376\377\000V\000e\000c\000t\000o\000r}{subsection.5.2.1}% 23
\BOOKMARK [3][-]{subsubsection.5.2.1.4}{\376\377\000V\000e\000c\000t\000o\000r}{subsection.5.2.1}% 24
\BOOKMARK [3][-]{subsubsection.5.2.1.5}{\376\377\000V\000e\000c\000t\000o\000r}{subsection.5.2.1}% 25
\BOOKMARK [1][-]{section.5.3}{\376\377\000Q\000S\000:\000:\000F\000a\000c\000t\000o\000r\000\137\000b\000a\000s\000e\000\040\000C\000l\000a\000s\000s\000\040\000R\000e\000f\000e\000r\000e\000n\000c\000e}{chapter.5}% 26
\BOOKMARK [2][-]{subsection.5.3.1}{\376\377\000C\000o\000n\000s\000t\000r\000u\000c\000t\000o\000r\000\040\000\046\000\040\000D\000e\000s\000t\000r\000u\000c\000t\000o\000r\000\040\000D\000o\000c\000u\000m\000e\000n\000t\000a\000t\000i\000o\000n}{section.5.3}% 27
\BOOKMARK [3][-]{subsubsection.5.3.1.1}{\376\377\000F\000a\000c\000t\000o\000r\000\137\000b\000a\000s\000e}{subsection.5.3.1}% 28
\BOOKMARK [3][-]{subsubsection.5.3.1.2}{\376\377\000F\000a\000c\000t\000o\000r\000\137\000b\000a\000s\000e}{subsection.5.3.1}% 29
\BOOKMARK [3][-]{subsubsection.5.3.1.3}{\376\377\000F\000a\000c\000t\000o\000r\000\137\000b\000a\000s\000e}{subsection.5.3.1}% 30
\BOOKMARK [2][-]{subsection.5.3.2}{\376\377\000M\000e\000m\000b\000e\000r\000\040\000F\000u\000n\000c\000t\000i\000o\000n\000\040\000D\000o\000c\000u\000m\000e\000n\000t\000a\000t\000i\000o\000n}{section.5.3}% 31
\BOOKMARK [3][-]{subsubsection.5.3.2.1}{\376\377\000o\000p\000e\000r\000a\000t\000o\000r\000[\000]}{subsection.5.3.2}% 32
\BOOKMARK [1][-]{section.5.4}{\376\377\000Q\000S\000:\000:\000n\000u\000m\000e\000r\000i\000c\000:\000:\000V\000e\000c\000t\000o\000r\000<\000\040\000T\000\040\000>\000\040\000C\000l\000a\000s\000s\000\040\000T\000e\000m\000p\000l\000a\000t\000e\000\040\000R\000e\000f\000e\000r\000e\000n\000c\000e}{chapter.5}% 33
\BOOKMARK [2][-]{subsection.5.4.1}{\376\377\000C\000o\000n\000s\000t\000r\000u\000c\000t\000o\000r\000\040\000\046\000\040\000D\000e\000s\000t\000r\000u\000c\000t\000o\000r\000\040\000D\000o\000c\000u\000m\000e\000n\000t\000a\000t\000i\000o\000n}{section.5.4}% 34
\BOOKMARK [3][-]{subsubsection.5.4.1.1}{\376\377\000V\000e\000c\000t\000o\000r}{subsection.5.4.1}% 35
\BOOKMARK [3][-]{subsubsection.5.4.1.2}{\376\377\000V\000e\000c\000t\000o\000r}{subsection.5.4.1}% 36
\BOOKMARK [3][-]{subsubsection.5.4.1.3}{\376\377\000V\000e\000c\000t\000o\000r}{subsection.5.4.1}% 37
\BOOKMARK [2][-]{subsection.5.4.2}{\376\377\000M\000e\000m\000b\000e\000r\000\040\000F\000u\000n\000c\000t\000i\000o\000n\000\040\000D\000o\000c\000u\000m\000e\000n\000t\000a\000t\000i\000o\000n}{section.5.4}% 38
\BOOKMARK [3][-]{subsubsection.5.4.2.1}{\376\377\000o\000p\000e\000r\000a\000t\000o\000r\000[\000]}{subsection.5.4.2}% 39
\BOOKMARK [3][-]{subsubsection.5.4.2.2}{\376\377\000o\000p\000e\000r\000a\000t\000o\000r\000[\000]}{subsection.5.4.2}% 40
\BOOKMARK [0][-]{chapter.6}{\376\377\000F\000i\000l\000e\000\040\000D\000o\000c\000u\000m\000e\000n\000t\000a\000t\000i\000o\000n}{}% 41
\BOOKMARK [1][-]{section.6.1}{\376\377\000i\000n\000c\000l\000u\000d\000e\000/\000f\000a\000c\000t\000o\000r\000\137\000b\000a\000s\000e\000.\000h\000\040\000F\000i\000l\000e\000\040\000R\000e\000f\000e\000r\000e\000n\000c\000e}{chapter.6}% 42
\BOOKMARK [1][-]{section.6.2}{\376\377\000i\000n\000c\000l\000u\000d\000e\000/\000v\000e\000c\000t\000o\000r\000.\000h\000\040\000F\000i\000l\000e\000\040\000R\000e\000f\000e\000r\000e\000n\000c\000e}{chapter.6}% 43
\BOOKMARK [2][-]{subsection.6.2.1}{\376\377\000M\000a\000c\000r\000o\000\040\000D\000e\000f\000i\000n\000i\000t\000i\000o\000n\000\040\000D\000o\000c\000u\000m\000e\000n\000t\000a\000t\000i\000o\000n}{section.6.2}% 44
\BOOKMARK [3][-]{subsubsection.6.2.1.1}{\376\377\000V\000E\000C\000T\000O\000R\000\137\000G\000U\000A\000R\000D}{subsection.6.2.1}% 45
\BOOKMARK [1][-]{section.6.3}{\376\377\000i\000n\000c\000l\000u\000d\000e\000/\000v\000i\000r\000t\000u\000a\000l\000/\000a\000b\000s\000t\000r\000a\000c\000t\000\137\000f\000a\000c\000t\000o\000r\000\137\000b\000a\000s\000e\000.\000h\000\040\000F\000i\000l\000e\000\040\000R\000e\000f\000e\000r\000e\000n\000c\000e}{chapter.6}% 46
\BOOKMARK [1][-]{section.6.4}{\376\377\000i\000n\000c\000l\000u\000d\000e\000/\000v\000i\000r\000t\000u\000a\000l\000/\000a\000b\000s\000t\000r\000a\000c\000t\000\137\000v\000e\000c\000t\000o\000r\000.\000h\000\040\000F\000i\000l\000e\000\040\000R\000e\000f\000e\000r\000e\000n\000c\000e}{chapter.6}% 47
\BOOKMARK [2][-]{subsection.6.4.1}{\376\377\000M\000a\000c\000r\000o\000\040\000D\000e\000f\000i\000n\000i\000t\000i\000o\000n\000\040\000D\000o\000c\000u\000m\000e\000n\000t\000a\000t\000i\000o\000n}{section.6.4}% 48
\BOOKMARK [3][-]{subsubsection.6.4.1.1}{\376\377\000A\000B\000S\000T\000R\000A\000C\000T\000\137\000V\000E\000C\000T\000O\000R\000\137\000G\000U\000A\000R\000D}{subsection.6.4.1}% 49
\BOOKMARK [1][-]{section.6.5}{\376\377\000s\000r\000c\000/\000m\000a\000i\000n\000.\000c\000p\000p\000\040\000F\000i\000l\000e\000\040\000R\000e\000f\000e\000r\000e\000n\000c\000e}{chapter.6}% 50
\BOOKMARK [2][-]{subsection.6.5.1}{\376\377\000F\000u\000n\000c\000t\000i\000o\000n\000\040\000D\000o\000c\000u\000m\000e\000n\000t\000a\000t\000i\000o\000n}{section.6.5}% 51
\BOOKMARK [3][-]{subsubsection.6.5.1.1}{\376\377\000m\000a\000i\000n}{subsection.6.5.1}% 52
\BOOKMARK [0][-]{section*.22}{\376\377\000I\000n\000d\000e\000x}{}% 53
